2025-05-15 12:08:17.923 | INFO     | app.main:log_requests:42 - GET / → 404 (0.6 ms)
2025-05-15 12:08:17.974 | INFO     | app.main:log_requests:42 - GET /favicon.ico → 404 (0.2 ms)
2025-05-15 12:08:49.418 | INFO     | app.main:log_requests:42 - GET /docs → 200 (6.4 ms)
2025-05-15 12:08:49.610 | INFO     | app.main:log_requests:42 - GET /openapi.json → 200 (14.1 ms)
2025-05-15 12:09:05.506 | INFO     | app.main:log_requests:42 - GET /redoc → 200 (7.1 ms)
2025-05-15 12:09:05.773 | INFO     | app.main:log_requests:42 - GET /openapi.json → 200 (1.2 ms)
2025-05-15 12:09:26.213 | INFO     | app.main:log_requests:42 - GET /api/health → 200 (19.2 ms)
2025-05-15 12:09:26.275 | INFO     | app.main:log_requests:42 - GET /favicon.ico → 404 (10.0 ms)
2025-05-15 12:20:40.039 | INFO     | app.main:log_requests:42 - GET /docs → 200 (2.2 ms)
2025-05-15 12:20:40.506 | INFO     | app.main:log_requests:42 - GET /openapi.json → 200 (19.6 ms)
2025-05-15 12:20:56.903 | INFO     | app.main:log_requests:42 - GET /api/health → 200 (7.3 ms)
2025-05-15 12:21:12.560 | INFO     | app.main:log_requests:42 - GET /api/health → 200 (1.6 ms)
2025-05-15 12:21:13.413 | INFO     | app.main:log_requests:42 - GET /api/health → 200 (0.8 ms)
2025-05-15 12:21:13.994 | INFO     | app.main:log_requests:42 - GET /api/health → 200 (1.3 ms)
2025-05-15 12:21:14.544 | INFO     | app.main:log_requests:42 - GET /api/health → 200 (1.2 ms)
2025-05-15 12:24:55.951 | INFO     | app.main:log_requests:42 - GET /openapi.json → 200 (5.7 ms)
2025-05-15 12:27:20.117 | INFO     | app.main:log_requests:42 - POST /api/partners → 200 (20.6 ms)
2025-05-15 12:29:03.097 | INFO     | app.main:log_requests:42 - GET /api/partners → 200 (21.5 ms)
2025-05-15 13:23:50.895 | INFO     | app.main:log_requests:42 - GET /api/status-codes/40 → 404 (40.4 ms)
2025-05-15 13:26:09.341 | INFO     | app.main:log_requests:42 - GET /api/partners → 200 (22.3 ms)
2025-05-15 13:34:42.703 | INFO     | app.main:log_requests:42 - GET /api/status-codes/40 → 200 (10.1 ms)
2025-05-15 13:34:59.802 | INFO     | app.main:log_requests:42 - GET /api/status-codes/20 → 200 (3.8 ms)
2025-05-15 13:35:15.608 | INFO     | app.main:log_requests:42 - GET /api/kpi/error-rate → 422 (8.3 ms)
2025-05-15 13:40:31.956 | INFO     | app.main:log_requests:42 - GET /api/transactions/errors → 200 (10.8 ms)
2025-05-15 13:41:07.901 | INFO     | app.main:log_requests:42 - GET /api/transactions → 200 (16.2 ms)
2025-05-15 13:52:51.527 | INFO     | app.main:log_requests:42 - GET /api/kpi/partner → 200 (13.0 ms)
2025-05-15 13:53:12.636 | INFO     | app.main:log_requests:42 - GET /api/kpi/message-count → 200 (13.5 ms)
2025-05-15 13:53:30.227 | INFO     | app.main:log_requests:42 - GET /api/kpi/message-type → 200 (17.2 ms)
2025-05-15 13:53:42.659 | INFO     | app.main:log_requests:42 - GET /api/kpi/error-rate → 200 (12.1 ms)
2025-05-15 13:53:52.591 | INFO     | app.main:log_requests:42 - GET /api/status-codes → 200 (8.2 ms)
2025-05-15 13:54:02.649 | INFO     | app.main:log_requests:42 - GET /api/status-codes/20 → 200 (5.5 ms)
2025-05-15 13:54:13.800 | INFO     | app.main:log_requests:42 - GET /api/health → 200 (1.3 ms)
2025-05-16 07:35:27.435 | INFO     | app.main:log_requests:42 - GET /docs → 200 (1.6 ms)
2025-05-16 07:35:27.553 | INFO     | app.main:log_requests:42 - GET /openapi.json → 200 (28.0 ms)
2025-05-16 07:35:32.401 | INFO     | app.main:log_requests:42 - GET /api/health → 200 (1.7 ms)
2025-05-16 07:36:08.277 | INFO     | app.main:log_requests:42 - GET /api/status-codes → 401 (1.7 ms)
2025-05-16 07:36:22.225 | INFO     | app.main:log_requests:42 - GET /api/partners → 401 (0.9 ms)
2025-05-16 07:36:39.456 | INFO     | app.main:log_requests:42 - GET / → 404 (0.4 ms)
2025-05-16 07:36:52.457 | INFO     | app.main:log_requests:42 - GET / → 404 (0.5 ms)
2025-05-16 07:37:08.171 | INFO     | app.main:log_requests:42 - GET / → 404 (1.1 ms)
2025-05-16 07:42:15.763 | INFO     | app.main:log_requests:47 - GET / → 200 (1.3 ms)
2025-05-16 07:42:16.967 | INFO     | app.main:log_requests:47 - GET / → 200 (2.8 ms)
2025-05-16 07:42:21.952 | INFO     | app.main:log_requests:47 - GET /docs → 200 (0.8 ms)
2025-05-16 07:42:22.065 | INFO     | app.main:log_requests:47 - GET /openapi.json → 200 (13.0 ms)
2025-05-16 07:45:37.950 | INFO     | app.main:log_requests:47 - GET /api/health → 200 (2.6 ms)
2025-05-16 07:45:51.998 | INFO     | app.main:log_requests:47 - GET /api/partners → 401 (1.9 ms)
2025-05-16 07:46:02.376 | INFO     | app.main:log_requests:47 - GET /api/partners → 200 (22.8 ms)
2025-05-16 07:57:20.382 | INFO     | app.main:log_requests:47 - POST /api/partners → 200 (51.3 ms)
2025-05-16 07:59:40.263 | INFO     | app.main:log_requests:47 - GET / → 200 (3.6 ms)
2025-05-16 08:00:17.670 | INFO     | app.main:log_requests:47 - GET /api/partners → 200 (21.2 ms)
2025-05-16 08:01:08.404 | INFO     | app.main:log_requests:47 - GET /api/partners → 200 (11.7 ms)
2025-05-16 08:01:25.371 | INFO     | app.main:log_requests:47 - GET /api/transactions/errors → 200 (16.9 ms)
2025-05-16 08:01:54.029 | INFO     | app.main:log_requests:47 - GET /api/kpi/message-count → 422 (7.0 ms)
2025-05-16 08:02:13.131 | INFO     | app.main:log_requests:47 - GET /api/kpi/message-type → 422 (8.7 ms)
2025-05-16 09:32:12.977 | INFO     | app.main:log_requests:47 - GET /api/status-codes → 200 (6.2 ms)
2025-05-16 09:32:24.368 | INFO     | app.main:log_requests:47 - GET /api/kpi/message-type → 422 (8.5 ms)
2025-05-16 09:36:16.443 | INFO     | app.main:log_requests:47 - GET /docs → 200 (0.6 ms)
2025-05-16 09:36:16.537 | INFO     | app.main:log_requests:47 - GET /openapi.json → 200 (15.6 ms)
2025-05-16 09:36:39.545 | INFO     | app.main:log_requests:47 - GET /api/kpi/message-type → 401 (3.9 ms)
2025-05-16 09:37:05.926 | INFO     | app.main:log_requests:47 - GET /api/kpi/message-type → 200 (37.0 ms)
2025-05-16 09:37:48.797 | INFO     | app.main:log_requests:47 - GET /api/kpi/error-rate → 200 (18.0 ms)
2025-05-16 09:38:02.976 | INFO     | app.main:log_requests:47 - GET /api/kpi/message-type → 200 (16.7 ms)
2025-05-16 09:40:24.937 | INFO     | app.main:log_requests:47 - GET /docs → 200 (0.6 ms)
2025-05-16 09:40:25.038 | INFO     | app.main:log_requests:47 - GET /openapi.json → 200 (10.2 ms)
2025-05-16 09:41:25.351 | INFO     | app.main:log_requests:47 - GET /docs → 200 (0.9 ms)
2025-05-16 09:41:25.416 | INFO     | app.main:log_requests:47 - GET /openapi.json → 200 (9.8 ms)
2025-05-16 09:41:45.772 | INFO     | app.main:log_requests:47 - GET /api/kpi/message-count → 200 (12.1 ms)
2025-05-16 09:42:00.966 | INFO     | app.main:log_requests:47 - GET /api/kpi/message-type → 200 (14.5 ms)
2025-05-16 09:58:31.425 | INFO     | app.main:log_requests:47 - GET /api/kpi/partner → 200 (94.9 ms)
2025-05-16 09:58:53.313 | INFO     | app.main:log_requests:47 - GET /api/kpi/partner → 200 (11.5 ms)
2025-05-16 09:59:53.271 | INFO     | app.main:log_requests:47 - GET /api/status-codes/40 → 200 (34.0 ms)
2025-05-16 10:10:16.384 | INFO     | app.main:log_requests:47 - GET /api/transactions/errors → 200 (28.8 ms)
2025-05-16 10:25:52.255 | INFO     | app.main:log_requests:47 - GET / → 200 (6.3 ms)
2025-05-16 10:25:55.100 | INFO     | app.main:log_requests:47 - GET / → 200 (1.3 ms)
2025-05-16 10:25:55.530 | INFO     | app.main:log_requests:47 - GET / → 200 (1.6 ms)
2025-05-16 10:25:55.664 | INFO     | app.main:log_requests:47 - GET / → 200 (2.0 ms)
2025-05-16 10:25:55.846 | INFO     | app.main:log_requests:47 - GET / → 200 (0.4 ms)
2025-05-16 10:25:56.015 | INFO     | app.main:log_requests:47 - GET / → 200 (3.5 ms)
2025-05-16 10:25:56.245 | INFO     | app.main:log_requests:47 - GET / → 200 (1.5 ms)
2025-05-16 10:26:00.393 | INFO     | app.main:log_requests:47 - GET /docs → 200 (1.2 ms)
2025-05-16 10:26:00.504 | INFO     | app.main:log_requests:47 - GET /openapi.json → 200 (28.7 ms)
2025-05-16 10:26:17.523 | INFO     | app.main:log_requests:47 - GET / → 200 (6.8 ms)
2025-05-16 10:27:44.126 | INFO     | app.main:log_requests:47 - GET /docs → 200 (0.8 ms)
2025-05-16 10:27:44.219 | INFO     | app.main:log_requests:47 - GET /openapi.json → 200 (8.9 ms)
2025-05-16 10:28:00.028 | INFO     | app.main:log_requests:47 - GET / → 200 (1.9 ms)
2025-05-16 10:28:06.924 | INFO     | app.main:log_requests:47 - GET / → 200 (1.7 ms)
2025-05-16 10:39:50.730 | INFO     | app.main:log_requests:44 - GET /docs → 200 (0.7 ms)
2025-05-16 10:39:50.827 | INFO     | app.main:log_requests:44 - GET /openapi.json → 200 (12.1 ms)
2025-05-16 10:40:29.836 | INFO     | app.main:log_requests:44 - GET / → 200 (4.3 ms)
2025-05-16 10:41:42.391 | INFO     | app.main:log_requests:44 - GET / → 200 (1.9 ms)
2025-05-16 10:41:45.419 | INFO     | app.main:log_requests:44 - GET /docs → 200 (1.4 ms)
2025-05-16 10:41:45.525 | INFO     | app.main:log_requests:44 - GET /openapi.json → 200 (10.8 ms)
2025-05-16 10:42:00.105 | INFO     | app.main:log_requests:44 - GET / → 200 (2.2 ms)
2025-05-16 10:42:15.797 | INFO     | app.main:log_requests:44 - GET /api/health → 200 (2.1 ms)
2025-05-16 10:42:27.230 | INFO     | app.main:log_requests:44 - GET /api/health → 200 (1.0 ms)
2025-05-16 10:42:56.488 | INFO     | app.main:log_requests:44 - POST /api/partners → 200 (55.1 ms)
2025-05-16 10:43:05.259 | INFO     | app.main:log_requests:44 - GET /api/partners → 401 (3.1 ms)
2025-05-16 10:43:30.673 | INFO     | app.main:log_requests:44 - GET /docs → 200 (2.0 ms)
2025-05-16 10:43:30.749 | INFO     | app.main:log_requests:44 - GET /openapi.json → 200 (1.0 ms)
2025-05-16 10:43:59.602 | INFO     | app.main:log_requests:44 - POST /api/partners → 200 (38.0 ms)
2025-05-16 10:44:11.821 | INFO     | app.main:log_requests:44 - GET /api/partners → 401 (2.3 ms)
2025-05-16 11:01:52.201 | INFO     | app.main:log_requests:44 - GET /api/health → 200 (11.6 ms)
2025-05-16 11:03:08.272 | INFO     | app.main:log_requests:44 - GET /api/kpi/message-count → 200 (104.1 ms)
2025-05-16 11:03:35.986 | INFO     | app.main:log_requests:44 - GET /api/partners → 200 (17.6 ms)
2025-05-16 11:03:52.292 | INFO     | app.main:log_requests:44 - GET /api/partners → 200 (5.1 ms)
2025-05-16 11:03:55.935 | INFO     | app.main:log_requests:44 - GET /api/partners → 200 (31.8 ms)
2025-05-16 11:03:56.572 | INFO     | app.main:log_requests:44 - GET /api/partners → 200 (4.9 ms)
2025-05-16 11:03:57.116 | INFO     | app.main:log_requests:44 - GET /api/partners → 200 (8.4 ms)
2025-05-16 11:04:02.090 | INFO     | app.main:log_requests:44 - GET /api/partners → 200 (13.9 ms)
2025-05-16 11:06:13.146 | INFO     | app.main:log_requests:44 - GET /api/status-codes → 200 (19.7 ms)
2025-05-16 11:06:40.149 | INFO     | app.main:log_requests:44 - GET /api/status-codes/20 → 200 (18.2 ms)
2025-05-16 11:25:23.047 | INFO     | app.main:log_requests:44 - GET /api/partners → 200 (39.2 ms)
2025-05-16 11:27:41.396 | INFO     | app.main:log_requests:44 - GET /docs → 200 (0.6 ms)
2025-05-16 11:27:41.469 | INFO     | app.main:log_requests:44 - GET /openapi.json → 200 (10.0 ms)
2025-05-16 11:28:06.057 | INFO     | app.main:log_requests:44 - GET /api/kpi/message-count → 200 (29.2 ms)
2025-05-16 11:28:41.084 | INFO     | app.main:log_requests:44 - GET /api/kpi/message-count → 200 (9.8 ms)
2025-05-16 11:31:36.628 | INFO     | app.main:log_requests:44 - GET /api/kpi/message-count → 200 (14.7 ms)
2025-05-16 11:33:37.670 | INFO     | app.main:log_requests:44 - GET /api/kpi/message-count → 200 (13.4 ms)
2025-05-16 11:34:21.763 | INFO     | app.main:log_requests:44 - GET /api/kpi/message-count → 200 (11.8 ms)
2025-05-16 11:35:49.376 | INFO     | app.main:log_requests:44 - GET /api/kpi/message-count → 200 (18.5 ms)
2025-05-16 11:41:16.762 | INFO     | app.main:log_requests:44 - GET /docs → 200 (1.9 ms)
2025-05-16 11:41:16.863 | INFO     | app.main:log_requests:44 - GET /openapi.json → 200 (10.8 ms)
2025-05-16 11:41:36.020 | INFO     | app.main:log_requests:44 - GET /api/kpi/message-count → 200 (18.2 ms)
2025-05-16 11:41:48.574 | INFO     | app.main:log_requests:44 - GET /api/kpi/message-count → 200 (5.0 ms)
2025-05-16 11:41:56.567 | INFO     | app.main:log_requests:44 - GET /api/kpi/message-count → 200 (10.2 ms)
